0 info it worked if it ends with ok
1 verbose cli [ 'D:\\Program Files\\nodejs\\\\node.exe',
1 verbose cli   'D:\\Program Files\\nodejs\\node_modules\\npm\\bin\\npm-cli.js',
1 verbose cli   'install',
1 verbose cli   '—save-dev',
1 verbose cli   'react-hot-loader' ]
2 info using npm@1.4.28
3 info using node@v0.10.35
4 verbose node symlink D:\Program Files\nodejs\\node.exe
5 warn package.json huodong@1.0.0 No repository field.
6 verbose readDependencies using package.json deps
7 verbose cache add [ '—save-dev', null ]
8 verbose cache add name=undefined spec="—save-dev" args=["—save-dev",null]
9 verbose parsed url { protocol: null,
9 verbose parsed url   slashes: null,
9 verbose parsed url   auth: null,
9 verbose parsed url   host: null,
9 verbose parsed url   port: null,
9 verbose parsed url   hostname: null,
9 verbose parsed url   hash: null,
9 verbose parsed url   search: null,
9 verbose parsed url   query: null,
9 verbose parsed url   pathname: '—save-dev',
9 verbose parsed url   path: '—save-dev',
9 verbose parsed url   href: '—save-dev' }
10 verbose cache add [ 'react-hot-loader', null ]
11 verbose cache add name=undefined spec="react-hot-loader" args=["react-hot-loader",null]
12 verbose parsed url { protocol: null,
12 verbose parsed url   slashes: null,
12 verbose parsed url   auth: null,
12 verbose parsed url   host: null,
12 verbose parsed url   port: null,
12 verbose parsed url   hostname: null,
12 verbose parsed url   hash: null,
12 verbose parsed url   search: null,
12 verbose parsed url   query: null,
12 verbose parsed url   pathname: 'react-hot-loader',
12 verbose parsed url   path: 'react-hot-loader',
12 verbose parsed url   href: 'react-hot-loader' }
13 silly lockFile aef4ff72-save-dev —save-dev
14 verbose lock —save-dev C:\Users\Administrator\AppData\Roaming\npm-cache\aef4ff72-save-dev.lock
15 silly lockFile 2d8f975e-react-hot-loader react-hot-loader
16 verbose lock react-hot-loader C:\Users\Administrator\AppData\Roaming\npm-cache\2d8f975e-react-hot-loader.lock
17 silly lockFile aef4ff72-save-dev —save-dev
18 silly lockFile aef4ff72-save-dev —save-dev
19 silly lockFile 2d8f975e-react-hot-loader react-hot-loader
20 silly lockFile 2d8f975e-react-hot-loader react-hot-loader
21 verbose addNamed [ '—save-dev', '' ]
22 verbose addNamed [ null, '*' ]
23 silly lockFile 3c95c2cd-save-dev —save-dev@
24 verbose lock —save-dev@ C:\Users\Administrator\AppData\Roaming\npm-cache\3c95c2cd-save-dev.lock
25 verbose addNamed [ 'react-hot-loader', '' ]
26 verbose addNamed [ null, '*' ]
27 silly lockFile d3cb2371-react-hot-loader react-hot-loader@
28 verbose lock react-hot-loader@ C:\Users\Administrator\AppData\Roaming\npm-cache\d3cb2371-react-hot-loader.lock
29 silly addNameRange { name: '—save-dev', range: '*', hasData: false }
30 silly addNameRange { name: 'react-hot-loader', range: '*', hasData: false }
31 verbose request where is /—save-dev
32 verbose request registry https://registry.npm.taobao.org/
33 verbose request id 41bfcdcdcbc9e51f
34 verbose url raw /—save-dev
35 verbose url resolving [ 'https://registry.npm.taobao.org/', './%E2%80%94save-dev' ]
36 verbose url resolved https://registry.npm.taobao.org/%E2%80%94save-dev
37 verbose request where is https://registry.npm.taobao.org/%E2%80%94save-dev
38 info trying registry request attempt 1 at 22:10:47
39 http GET https://registry.npm.taobao.org/%E2%80%94save-dev
40 verbose request where is /react-hot-loader
41 verbose request registry https://registry.npm.taobao.org/
42 verbose url raw /react-hot-loader
43 verbose url resolving [ 'https://registry.npm.taobao.org/', './react-hot-loader' ]
44 verbose url resolved https://registry.npm.taobao.org/react-hot-loader
45 verbose request where is https://registry.npm.taobao.org/react-hot-loader
46 info trying registry request attempt 1 at 22:10:47
47 http GET https://registry.npm.taobao.org/react-hot-loader
48 http 200 https://registry.npm.taobao.org/react-hot-loader
49 silly registry.get cb [ 200,
49 silly registry.get   { server: 'nginx/1.1.19',
49 silly registry.get     date: 'Sun, 30 Aug 2015 14:10:50 GMT',
49 silly registry.get     'content-type': 'application/json; charset=utf-8',
49 silly registry.get     'transfer-encoding': 'chunked',
49 silly registry.get     connection: 'keep-alive',
49 silly registry.get     etag: '"1440831386000"',
49 silly registry.get     'x-readtime': '164',
49 silly registry.get     'content-encoding': 'gzip' } ]
50 silly addNameRange number 2 { name: 'react-hot-loader', range: '*', hasData: true }
51 silly addNameRange versions [ 'react-hot-loader',
51 silly addNameRange   [ '2.0.0-alpha-4',
51 silly addNameRange     '1.3.0',
51 silly addNameRange     '2.0.0-alpha-3',
51 silly addNameRange     '2.0.0-alpha-2',
51 silly addNameRange     '2.0.0-alpha-1',
51 silly addNameRange     '2.0.0-alpha',
51 silly addNameRange     '1.2.9',
51 silly addNameRange     '1.2.8',
51 silly addNameRange     '1.2.7',
51 silly addNameRange     '1.2.6',
51 silly addNameRange     '1.2.5',
51 silly addNameRange     '1.2.4',
51 silly addNameRange     '1.2.3',
51 silly addNameRange     '1.2.2',
51 silly addNameRange     '1.2.1',
51 silly addNameRange     '1.2.0',
51 silly addNameRange     '1.1.7',
51 silly addNameRange     '1.1.6',
51 silly addNameRange     '1.1.5',
51 silly addNameRange     '1.1.4',
51 silly addNameRange     '1.1.3',
51 silly addNameRange     '1.1.2',
51 silly addNameRange     '1.1.1',
51 silly addNameRange     '1.1.0',
51 silly addNameRange     '1.0.7',
51 silly addNameRange     '1.0.6',
51 silly addNameRange     '1.0.5',
51 silly addNameRange     '1.0.4',
51 silly addNameRange     '1.0.3',
51 silly addNameRange     '1.0.2',
51 silly addNameRange     '1.0.1',
51 silly addNameRange     '1.0.0',
51 silly addNameRange     '1.0.0-alpha.3',
51 silly addNameRange     '1.0.0-alpha.2',
51 silly addNameRange     '1.0.0-alpha.1',
51 silly addNameRange     '1.0.0-alpha',
51 silly addNameRange     '0.5.0',
51 silly addNameRange     '0.4.5',
51 silly addNameRange     '0.4.4',
51 silly addNameRange     '0.4.3',
51 silly addNameRange     '0.4.2',
51 silly addNameRange     '0.4.1',
51 silly addNameRange     '0.4.0',
51 silly addNameRange     '0.3.1',
51 silly addNameRange     '0.3.0',
51 silly addNameRange     '0.2.0',
51 silly addNameRange     '0.1.11',
51 silly addNameRange     '0.1.10',
51 silly addNameRange     '0.1.9',
51 silly addNameRange     '0.1.8',
51 silly addNameRange     '0.1.7',
51 silly addNameRange     '0.1.6',
51 silly addNameRange     '0.1.5',
51 silly addNameRange     '0.1.4',
51 silly addNameRange     '0.1.3',
51 silly addNameRange     '0.1.2',
51 silly addNameRange     '0.1.0' ] ]
52 verbose addNamed [ 'react-hot-loader', '1.3.0' ]
53 verbose addNamed [ '1.3.0', '1.3.0' ]
54 silly lockFile 5972c6b5-react-hot-loader-1-3-0 react-hot-loader@1.3.0
55 verbose lock react-hot-loader@1.3.0 C:\Users\Administrator\AppData\Roaming\npm-cache\5972c6b5-react-hot-loader-1-3-0.lock
56 silly lockFile 83c52c46-nload-react-hot-loader-1-3-0-tgz https://registry.npm.taobao.org/react-hot-loader/download/react-hot-loader-1.3.0.tgz
57 verbose lock https://registry.npm.taobao.org/react-hot-loader/download/react-hot-loader-1.3.0.tgz C:\Users\Administrator\AppData\Roaming\npm-cache\83c52c46-nload-react-hot-loader-1-3-0-tgz.lock
58 verbose addRemoteTarball [ 'https://registry.npm.taobao.org/react-hot-loader/download/react-hot-loader-1.3.0.tgz',
58 verbose addRemoteTarball   '7701658d02108b5bbc407e200dde591cb7a6ed69' ]
59 info retry fetch attempt 1 at 22:10:48
60 verbose fetch to= C:\Users\ADMINI~1\AppData\Local\Temp\npm-8172-xXthOQ3r\registry.npm.taobao.org\react-hot-loader\download\react-hot-loader-1.3.0.tgz
61 http GET https://registry.npm.taobao.org/react-hot-loader/download/react-hot-loader-1.3.0.tgz
62 http 200 https://registry.npm.taobao.org/react-hot-loader/download/react-hot-loader-1.3.0.tgz
63 http 404 https://registry.npm.taobao.org/%E2%80%94save-dev
64 silly registry.get cb [ 404,
64 silly registry.get   { 'content-type': 'application/json',
64 silly registry.get     'cache-control': 'max-age=0',
64 silly registry.get     'content-length': '73',
64 silly registry.get     'accept-ranges': 'bytes',
64 silly registry.get     date: 'Sun, 30 Aug 2015 14:10:51 GMT',
64 silly registry.get     via: '1.1 varnish',
64 silly registry.get     age: '0',
64 silly registry.get     connection: 'keep-alive',
64 silly registry.get     'x-served-by': 'cache-nrt6130-NRT',
64 silly registry.get     'x-cache': 'MISS',
64 silly registry.get     'x-cache-hits': '0',
64 silly registry.get     'x-timer': 'S1440943851.399496,VS0,VE119' } ]
65 silly lockFile 3c95c2cd-save-dev —save-dev@
66 silly lockFile 3c95c2cd-save-dev —save-dev@
67 silly lockFile 83c52c46-nload-react-hot-loader-1-3-0-tgz https://registry.npm.taobao.org/react-hot-loader/download/react-hot-loader-1.3.0.tgz
68 silly lockFile 83c52c46-nload-react-hot-loader-1-3-0-tgz https://registry.npm.taobao.org/react-hot-loader/download/react-hot-loader-1.3.0.tgz
69 silly lockFile 5972c6b5-react-hot-loader-1-3-0 react-hot-loader@1.3.0
70 silly lockFile 5972c6b5-react-hot-loader-1-3-0 react-hot-loader@1.3.0
71 silly lockFile d3cb2371-react-hot-loader react-hot-loader@
72 silly lockFile d3cb2371-react-hot-loader react-hot-loader@
73 error 404 Not Found
73 error 404
73 error 404 '—save-dev' is not in the npm registry.
73 error 404 You should bug the author to publish it
73 error 404 It was specified as a dependency of 'huodong'
73 error 404
73 error 404 Note that you can also install from a
73 error 404 tarball, folder, or http url, or git url.
74 error System Windows_NT 6.1.7601
75 error command "D:\\Program Files\\nodejs\\\\node.exe" "D:\\Program Files\\nodejs\\node_modules\\npm\\bin\\npm-cli.js" "install" "—save-dev" "react-hot-loader"
76 error cwd D:\workspace\huodong
77 error node -v v0.10.35
78 error npm -v 1.4.28
79 error code E404
80 verbose exit [ 1, true ]
